  main.cpp
C:\Users\dora5\Desktop\program\OOP\OJ\正課\CS3005301W15\TS1302\Template.h(15,14): warning C4244: '正在初始化': 將 'T' 轉換為 'float'，由於類型不同，可能導致資料遺失
          with
          [
              T=int
          ]
C:\Users\dora5\Desktop\program\OOP\OJ\正課\CS3005301W15\TS1302\main.cpp(11): message : 請參考正在進行編譯的函式 樣板 具現化 'float absoluteValue<int>(const T &,const T &)'
          with
          [
              T=int
          ]
C:\Users\dora5\Desktop\program\OOP\OJ\正課\CS3005301W15\TS1302\Template.h(15,14): warning C4244: '正在初始化': 將 'T' 轉換為 'float'，由於類型不同，可能導致資料遺失
          with
          [
              T=double
          ]
C:\Users\dora5\Desktop\program\OOP\OJ\正課\CS3005301W15\TS1302\main.cpp(14): message : 請參考正在進行編譯的函式 樣板 具現化 'float absoluteValue<double>(const T &,const T &)'
          with
          [
              T=double
          ]
C:\Users\dora5\Desktop\program\OOP\OJ\正課\CS3005301W15\TS1302\Template.h(15,14): warning C4244: '正在初始化': 將 'int' 轉換為 'float'，由於類型不同，可能導致資料遺失
C:\Users\dora5\Desktop\program\OOP\OJ\正課\CS3005301W15\TS1302\main.cpp(17): message : 請參考正在進行編譯的函式 樣板 具現化 'float absoluteValue<char>(const T &,const T &)'
          with
          [
              T=char
          ]
  TS1302.vcxproj -> C:\Users\dora5\Desktop\program\OOP\OJ\正課\CS3005301W15\x64\Debug\TS1302.exe
